
*** Running vivado
    with args -log Block_correctionV2_Adder_0_0.vds -m64 -product Vivado -mode batch -messageDb vivado.pb -notrace -source Block_correctionV2_Adder_0_0.tcl



****** Vivado v2023.1 (64-bit)
  **** SW Build 3865809 on Sun May  7 15:05:29 MDT 2023
  **** IP Build 3864474 on Sun May  7 20:36:21 MDT 2023
  **** SharedData Build 3865790 on Sun May 07 13:33:03 MDT 2023
    ** Copyright 1986-2022 Xilinx, Inc. All Rights Reserved.
    ** Copyright 2022-2023 Advanced Micro Devices, Inc. All Rights Reserved.

source Block_correctionV2_Adder_0_0.tcl -notrace

*** Running vivado
    with args -log Block_correctionV2_Adder_0_0.vds -m64 -product Vivado -mode batch -messageDb vivado.pb -notrace -source Block_correctionV2_Adder_0_0.tcl



****** Vivado v2023.1 (64-bit)
  **** SW Build 3865809 on Sun May  7 15:05:29 MDT 2023
  **** IP Build 3864474 on Sun May  7 20:36:21 MDT 2023
  **** SharedData Build 3865790 on Sun May 07 13:33:03 MDT 2023
    ** Copyright 1986-2022 Xilinx, Inc. All Rights Reserved.
    ** Copyright 2022-2023 Advanced Micro Devices, Inc. All Rights Reserved.

source Block_correctionV2_Adder_0_0.tcl -notrace
create_project: Time (s): cpu = 00:00:05 ; elapsed = 00:00:06 . Memory (MB): peak = 1461.633 ; gain = 161.562
INFO: [IP_Flow 19-234] Refreshing IP repositories
INFO: [IP_Flow 19-1704] No user IP repositories specified
INFO: [IP_Flow 19-2313] Loaded Vivado IP repository 'C:/Xilinx/Vivado/2023.1/data/ip'.
INFO: [IP_Flow 19-6924] IPCACHE: Running cache check for IP inst: Block_correctionV2_Adder_0_0
Command: synth_design -top Block_correctionV2_Adder_0_0 -part xc7z020clg400-1 -incremental_mode off -mode out_of_context
Starting synth_design
Attempting to get a license for feature 'Synthesis' and/or device 'xc7z020'
INFO: [Common 17-349] Got license for feature 'Synthesis' and/or device 'xc7z020'
INFO: [Designutils 20-5008] Incremental synthesis strategy off
INFO: [Synth 8-7079] Multithreading enabled for synth_design using a maximum of 2 processes.
INFO: [Synth 8-7078] Launching helper process for spawning children vivado processes
INFO: [Synth 8-7075] Helper process launched with PID 7640
---------------------------------------------------------------------------------
Starting Synthesize : Time (s): cpu = 00:00:04 ; elapsed = 00:00:05 . Memory (MB): peak = 1911.227 ; gain = 410.258
---------------------------------------------------------------------------------
INFO: [Synth 8-6157] synthesizing module 'Block_correctionV2_Adder_0_0' [c:/Users/daanv/Desktop/MO8/Demodulator/Demodulator.gen/sources_1/bd/Block_correctionV2/ip/Block_correctionV2_Adder_0_0/synth/Block_correctionV2_Adder_0_0.v:53]
INFO: [Synth 8-638] synthesizing module 'Adder' [C:/Users/daanv/Desktop/MO8/Demodulator/Demodulator.srcs/sources_1/new/Adder.vhd:15]
WARNING: [Synth 8-614] signal 'ld' is read in the process but is not in the sensitivity list [C:/Users/daanv/Desktop/MO8/Demodulator/Demodulator.srcs/sources_1/new/Adder.vhd:17]
INFO: [Synth 8-256] done synthesizing module 'Adder' (0#1) [C:/Users/daanv/Desktop/MO8/Demodulator/Demodulator.srcs/sources_1/new/Adder.vhd:15]
INFO: [Synth 8-6155] done synthesizing module 'Block_correctionV2_Adder_0_0' (0#1) [c:/Users/daanv/Desktop/MO8/Demodulator/Demodulator.gen/sources_1/bd/Block_correctionV2/ip/Block_correctionV2_Adder_0_0/synth/Block_correctionV2_Adder_0_0.v:53]
WARNING: [Synth 8-7129] Port rst in module Adder is either unconnected or has no load
---------------------------------------------------------------------------------
Finished Synthesize : Time (s): cpu = 00:00:05 ; elapsed = 00:00:07 . Memory (MB): peak = 2000.699 ; gain = 499.730
---------------------------------------------------------------------------------
---------------------------------------------------------------------------------
Finished Constraint Validation : Time (s): cpu = 00:00:06 ; elapsed = 00:00:07 . Memory (MB): peak = 2018.586 ; gain = 517.617
---------------------------------------------------------------------------------
---------------------------------------------------------------------------------
Start Loading Part and Timing Information
---------------------------------------------------------------------------------
Loading part: xc7z020clg400-1
---------------------------------------------------------------------------------
Finished Loading Part and Timing Information : Time (s): cpu = 00:00:06 ; elapsed = 00:00:07 . Memory (MB): peak = 2018.586 ; gain = 517.617
---------------------------------------------------------------------------------
INFO: [Device 21-403] Loading part xc7z020clg400-1
---------------------------------------------------------------------------------
Finished RTL Optimization Phase 2 : Time (s): cpu = 00:00:06 ; elapsed = 00:00:08 . Memory (MB): peak = 2027.566 ; gain = 526.598
---------------------------------------------------------------------------------
No constraint files found.
---------------------------------------------------------------------------------
Start RTL Component Statistics 
---------------------------------------------------------------------------------
Detailed RTL Component Info : 
+---Registers : 
	              128 Bit    Registers := 1     
+---Muxes : 
	   3 Input  128 Bit        Muxes := 1     
---------------------------------------------------------------------------------
Finished RTL Component Statistics 
---------------------------------------------------------------------------------
---------------------------------------------------------------------------------
Start Part Resource Summary
---------------------------------------------------------------------------------
Part Resources:
DSPs: 220 (col length:60)
BRAMs: 280 (col length: RAMB18 60 RAMB36 30)
---------------------------------------------------------------------------------
Finished Part Resource Summary
---------------------------------------------------------------------------------
No constraint files found.
---------------------------------------------------------------------------------
Start Cross Boundary and Area Optimization
---------------------------------------------------------------------------------
WARNING: [Synth 8-7080] Parallel synthesis criteria is not met
WARNING: [Synth 8-7129] Port rst in module Block_correctionV2_Adder_0_0 is either unconnected or has no load
---------------------------------------------------------------------------------
Finished Cross Boundary and Area Optimization : Time (s): cpu = 00:00:09 ; elapsed = 00:00:22 . Memory (MB): peak = 2216.680 ; gain = 715.711
---------------------------------------------------------------------------------
No constraint files found.
---------------------------------------------------------------------------------
Start Timing Optimization
---------------------------------------------------------------------------------
---------------------------------------------------------------------------------
Finished Timing Optimization : Time (s): cpu = 00:00:09 ; elapsed = 00:00:22 . Memory (MB): peak = 2216.680 ; gain = 715.711
---------------------------------------------------------------------------------
---------------------------------------------------------------------------------
Start Technology Mapping
---------------------------------------------------------------------------------
---------------------------------------------------------------------------------
Finished Technology Mapping : Time (s): cpu = 00:00:09 ; elapsed = 00:00:22 . Memory (MB): peak = 2216.680 ; gain = 715.711
---------------------------------------------------------------------------------
---------------------------------------------------------------------------------
Start IO Insertion
---------------------------------------------------------------------------------
---------------------------------------------------------------------------------
Start Flattening Before IO Insertion
---------------------------------------------------------------------------------
---------------------------------------------------------------------------------
Finished Flattening Before IO Insertion
---------------------------------------------------------------------------------
---------------------------------------------------------------------------------
Start Final Netlist Cleanup
---------------------------------------------------------------------------------
---------------------------------------------------------------------------------
Finished Final Netlist Cleanup
---------------------------------------------------------------------------------
---------------------------------------------------------------------------------
Finished IO Insertion : Time (s): cpu = 00:00:13 ; elapsed = 00:00:26 . Memory (MB): peak = 2216.680 ; gain = 715.711
---------------------------------------------------------------------------------
---------------------------------------------------------------------------------
Start Renaming Generated Instances
---------------------------------------------------------------------------------
---------------------------------------------------------------------------------
Finished Renaming Generated Instances : Time (s): cpu = 00:00:13 ; elapsed = 00:00:26 . Memory (MB): peak = 2216.680 ; gain = 715.711
---------------------------------------------------------------------------------
---------------------------------------------------------------------------------
Start Rebuilding User Hierarchy
---------------------------------------------------------------------------------
---------------------------------------------------------------------------------
Finished Rebuilding User Hierarchy : Time (s): cpu = 00:00:13 ; elapsed = 00:00:26 . Memory (MB): peak = 2216.680 ; gain = 715.711
---------------------------------------------------------------------------------
---------------------------------------------------------------------------------
Start Renaming Generated Ports
---------------------------------------------------------------------------------
---------------------------------------------------------------------------------
Finished Renaming Generated Ports : Time (s): cpu = 00:00:13 ; elapsed = 00:00:26 . Memory (MB): peak = 2216.680 ; gain = 715.711
---------------------------------------------------------------------------------
---------------------------------------------------------------------------------
Start Handling Custom Attributes
---------------------------------------------------------------------------------
---------------------------------------------------------------------------------
Finished Handling Custom Attributes : Time (s): cpu = 00:00:13 ; elapsed = 00:00:26 . Memory (MB): peak = 2216.680 ; gain = 715.711
---------------------------------------------------------------------------------
---------------------------------------------------------------------------------
Start Renaming Generated Nets
---------------------------------------------------------------------------------
---------------------------------------------------------------------------------
Finished Renaming Generated Nets : Time (s): cpu = 00:00:13 ; elapsed = 00:00:26 . Memory (MB): peak = 2216.680 ; gain = 715.711
---------------------------------------------------------------------------------
---------------------------------------------------------------------------------
Start Writing Synthesis Report
---------------------------------------------------------------------------------

Report BlackBoxes: 
+-+--------------+----------+
| |BlackBox name |Instances |
+-+--------------+----------+
+-+--------------+----------+

Report Cell Usage: 
+------+-----+------+
|      |Cell |Count |
+------+-----+------+
|1     |LUT2 |     2|
|2     |FDRE |   128|
+------+-----+------+

Report Instance Areas: 
+------+---------+-------+------+
|      |Instance |Module |Cells |
+------+---------+-------+------+
|1     |top      |       |   130|
|2     |  inst   |Adder  |   130|
+------+---------+-------+------+
---------------------------------------------------------------------------------
Finished Writing Synthesis Report : Time (s): cpu = 00:00:13 ; elapsed = 00:00:26 . Memory (MB): peak = 2216.680 ; gain = 715.711
---------------------------------------------------------------------------------
Synthesis finished with 0 errors, 0 critical warnings and 4 warnings.
Synthesis Optimization Runtime : Time (s): cpu = 00:00:13 ; elapsed = 00:00:26 . Memory (MB): peak = 2216.680 ; gain = 715.711
Synthesis Optimization Complete : Time (s): cpu = 00:00:13 ; elapsed = 00:00:26 . Memory (MB): peak = 2216.680 ; gain = 715.711
INFO: [Project 1-571] Translating synthesized netlist
Netlist sorting complete. Time (s): cpu = 00:00:00 ; elapsed = 00:00:00.003 . Memory (MB): peak = 2228.602 ; gain = 0.000
INFO: [Project 1-570] Preparing netlist for logic optimization
INFO: [Opt 31-138] Pushed 0 inverter(s) to 0 load pin(s).
Netlist sorting complete. Time (s): cpu = 00:00:00 ; elapsed = 00:00:00 . Memory (MB): peak = 2333.555 ; gain = 0.000
INFO: [Project 1-111] Unisim Transformation Summary:
No Unisim elements were transformed.

Synth Design complete | Checksum: f70c03fd
INFO: [Common 17-83] Releasing license: Synthesis
19 Infos, 4 Warnings, 0 Critical Warnings and 0 Errors encountered.
synth_design completed successfully
synth_design: Time (s): cpu = 00:00:15 ; elapsed = 00:00:28 . Memory (MB): peak = 2333.555 ; gain = 833.543
INFO: [Timing 38-35] Done setting XDC timing constraints.
INFO: [Common 17-1381] The checkpoint 'C:/Users/daanv/Desktop/MO8/Demodulator/Demodulator.runs/Block_correctionV2_Adder_0_0_synth_1/Block_correctionV2_Adder_0_0.dcp' has been generated.
write_checkpoint: Time (s): cpu = 00:00:05 ; elapsed = 00:00:08 . Memory (MB): peak = 2678.613 ; gain = 345.059
INFO: [Coretcl 2-1648] Added synthesis output to IP cache for IP Block_correctionV2_Adder_0_0, cache-ID = 590ae3bf655c5019
INFO: [Common 17-1381] The checkpoint 'C:/Users/daanv/Desktop/MO8/Demodulator/Demodulator.runs/Block_correctionV2_Adder_0_0_synth_1/Block_correctionV2_Adder_0_0.dcp' has been generated.
INFO: [runtcl-4] Executing : report_utilization -file Block_correctionV2_Adder_0_0_utilization_synth.rpt -pb Block_correctionV2_Adder_0_0_utilization_synth.pb
INFO: [Common 17-206] Exiting Vivado at Wed Jun 12 13:53:03 2024...
